<?xml version="1.0" encoding="UTF-8"?>
<!-- Generated by org.testng.reporters.JUnitReportReporter -->
<testsuite hostname="SNMR" failures="0" tests="4" name="com.testng.demo.Dependency_Test" time="0.023" errors="0" timestamp="2022-11-03T14:20:07 IST" skipped="0">
  <testcase classname="com.testng.demo.Dependency_Test" name="one" time="0.003"/>
  <testcase classname="com.testng.demo.Dependency_Test" name="three" time="0.003"/>
  <testcase classname="com.testng.demo.Dependency_Test" name="two" time="0.003"/>
  <testcase classname="com.testng.demo.Dependency_Test" name="four" time="0.014"/>
</testsuite> <!-- com.testng.demo.Dependency_Test -->
