<?xml version="1.0" encoding="UTF-8"?>
<!-- Generated by org.testng.reporters.JUnitReportReporter -->
<testsuite hostname="SNMR" failures="0" tests="4" name="com.testng.demo.Priority_Annotations" time="0.033" errors="0" timestamp="2022-12-13T22:03:23 IST" skipped="0">
  <testcase classname="com.testng.demo.Priority_Annotations" name="three" time="0.024"/>
  <testcase classname="com.testng.demo.Priority_Annotations" name="Two" time="0.002"/>
  <testcase classname="com.testng.demo.Priority_Annotations" name="four" time="0.004"/>
  <testcase classname="com.testng.demo.Priority_Annotations" name="one" time="0.003"/>
</testsuite> <!-- com.testng.demo.Priority_Annotations -->
