<?xml version="1.0" encoding="UTF-8"?>
<!-- Generated by org.testng.reporters.JUnitReportReporter -->
<testsuite hostname="SNMR" failures="0" tests="1" name="com.testng.demo.Simple_Annotations" time="0.015" errors="0" timestamp="2022-12-14T02:01:33 IST" skipped="0">
  <testcase classname="com.testng.demo.Simple_Annotations" name="vijay" time="0.015"/>
</testsuite> <!-- com.testng.demo.Simple_Annotations -->
