<?xml version="1.0" encoding="UTF-8"?>
<!-- Generated by org.testng.reporters.JUnitReportReporter -->
<testsuite hostname="SNMR" failures="0" tests="3" name="com.testng.demo.Description_Test" time="0.025" errors="0" timestamp="2022-12-13T22:11:27 IST" skipped="0">
  <testcase classname="com.testng.demo.Description_Test" name="one" time="0.017"/>
  <testcase classname="com.testng.demo.Description_Test" name="three" time="0.005"/>
  <testcase classname="com.testng.demo.Description_Test" name="two" time="0.003"/>
</testsuite> <!-- com.testng.demo.Description_Test -->
