<?xml version="1.0" encoding="UTF-8"?>
<!-- Generated by org.testng.reporters.JUnitReportReporter -->
<testsuite hostname="SNMR" failures="0" tests="3" name="com.testng.demo.Parallel_Test" time="67.582" errors="0" timestamp="2022-12-15T18:30:29 IST" skipped="0">
  <testcase classname="com.testng.demo.Parallel_Test" name="fb" time="7.348"/>
  <testcase classname="com.testng.demo.Parallel_Test" name="flipkart" time="51.745"/>
  <testcase classname="com.testng.demo.Parallel_Test" name="amazon" time="8.489"/>
</testsuite> <!-- com.testng.demo.Parallel_Test -->
