<?xml version="1.0" encoding="UTF-8"?>
<!-- Generated by org.testng.reporters.JUnitReportReporter -->
<testsuite hostname="SNMR" failures="0" tests="3" name="com.testng.demo.Ignore_Test" time="0.013" errors="0" timestamp="2022-12-15T20:43:51 IST" skipped="2">
  <testcase classname="com.testng.demo.Ignore_Test" name="one" time="0.013"/>
  <testcase classname="com.testng.demo.Ignore_Test" name="two">
    <skipped/>
  </testcase> <!-- two -->
  <testcase classname="com.testng.demo.Ignore_Test" name="three">
    <skipped/>
  </testcase> <!-- three -->
</testsuite> <!-- com.testng.demo.Ignore_Test -->
