<?xml version="1.0" encoding="UTF-8"?>
<!-- Generated by org.testng.reporters.JUnitReportReporter -->
<testsuite hostname="SNMR" failures="0" tests="1" name="com.testng.demo.Timeout_Test" time="16.820" errors="0" timestamp="2022-12-28T18:49:41 IST" skipped="0">
  <testcase classname="com.testng.demo.Timeout_Test" name="fb" time="16.820"/>
</testsuite> <!-- com.testng.demo.Timeout_Test -->
