<?xml version="1.0" encoding="UTF-8"?>
<!-- Generated by org.testng.reporters.JUnitReportReporter -->
<testsuite hostname="SNMR" failures="0" tests="4" name="com.testng.demo.Group_Test" time="0.026" errors="0" timestamp="2022-12-13T22:30:38 IST" skipped="0">
  <testcase classname="com.testng.demo.Group_Test" name="two" time="0.002"/>
  <testcase classname="com.testng.demo.Group_Test" name="point1" time="0.006"/>
  <testcase classname="com.testng.demo.Group_Test" name="four" time="0.016"/>
  <testcase classname="com.testng.demo.Group_Test" name="point2" time="0.002"/>
</testsuite> <!-- com.testng.demo.Group_Test -->
