<?xml version="1.0" encoding="UTF-8"?>
<!-- Generated by org.testng.reporters.JUnitReportReporter -->
<testsuite hostname="SNMR" failures="0" tests="3" name="com.testng.demo.ExpectedException_Test" time="0.029" errors="0" timestamp="2022-12-15T17:55:11 IST" skipped="0">
  <testcase classname="com.testng.demo.ExpectedException_Test" name="three" time="0.007"/>
  <testcase classname="com.testng.demo.ExpectedException_Test" name="two" time="0.005"/>
  <testcase classname="com.testng.demo.ExpectedException_Test" name="one" time="0.017"/>
</testsuite> <!-- com.testng.demo.ExpectedException_Test -->
