<?xml version="1.0" encoding="UTF-8"?>
<!-- Generated by org.testng.reporters.JUnitReportReporter -->
<testsuite hostname="SNMR" failures="0" tests="6" name="com.testng.demo.Invocation_Test" time="0.036" errors="0" timestamp="2022-12-13T22:05:12 IST" skipped="0">
  <testcase classname="com.testng.demo.Invocation_Test" name="one" time="0.016"/>
  <testcase classname="com.testng.demo.Invocation_Test" name="two" time="0.003"/>
  <testcase classname="com.testng.demo.Invocation_Test" name="third" time="0.005"/>
  <testcase classname="com.testng.demo.Invocation_Test" name="two" time="0.003"/>
  <testcase classname="com.testng.demo.Invocation_Test" name="third" time="0.006"/>
  <testcase classname="com.testng.demo.Invocation_Test" name="two" time="0.003"/>
</testsuite> <!-- com.testng.demo.Invocation_Test -->
