<?xml version="1.0" encoding="UTF-8"?>
<!-- Generated by org.testng.reporters.JUnitReportReporter -->
<testsuite hostname="SNMR" failures="0" tests="1" name="com.testng.demo.Parameter_Test" time="0.022" errors="0" timestamp="2022-12-28T18:46:01 IST" skipped="0">
  <testcase classname="com.testng.demo.Parameter_Test" name="login" time="0.022"/>
</testsuite> <!-- com.testng.demo.Parameter_Test -->
