<?xml version="1.0" encoding="UTF-8"?>
<!-- Generated by org.testng.reporters.JUnitReportReporter -->
<testsuite hostname="SNMR" failures="0" tests="1" name="com.testng.demo.Abcd" time="0.019" errors="0" timestamp="2022-12-13T21:56:10 IST" skipped="0">
  <testcase classname="com.testng.demo.Abcd" name="main" time="0.019"/>
</testsuite> <!-- com.testng.demo.Abcd -->
