<?xml version="1.0" encoding="UTF-8"?>
<!-- Generated by org.testng.reporters.JUnitReportReporter -->
<testsuite hostname="SNMR" failures="0" tests="3" name="com.testng.demo.Data_Provider" time="0.023" errors="0" timestamp="2022-11-04T22:21:45 IST" skipped="0">
  <testcase classname="com.testng.demo.Data_Provider" name="facebook" time="0.006"/>
  <testcase classname="com.testng.demo.Data_Provider" name="facebook" time="0.004"/>
  <testcase classname="com.testng.demo.Data_Provider" name="facebook" time="0.013"/>
</testsuite> <!-- com.testng.demo.Data_Provider -->
